2014-10-24 21:05:45+0400 [-] Log opened.
2014-10-24 21:05:45+0400 [-] twistd 14.0.0 (/usr/bin/python 2.7.6) starting up.
2014-10-24 21:05:45+0400 [-] reactor class: twisted.internet.epollreactor.EPollReactor.
2014-10-24 21:05:45+0400 [-] Server Shut Down.
2014-10-24 21:52:41+0400 [-] Log opened.
2014-10-24 21:52:41+0400 [-] twistd 14.0.0 (/usr/bin/python 2.7.6) starting up.
2014-10-24 21:52:41+0400 [-] reactor class: twisted.internet.epollreactor.EPollReactor.
2014-10-24 21:52:41+0400 [-] Server Shut Down.
2014-10-24 21:54:45+0400 [-] Log opened.
2014-10-24 21:54:45+0400 [-] twistd 14.0.0 (/usr/bin/python 2.7.6) starting up.
2014-10-24 21:54:45+0400 [-] reactor class: twisted.internet.epollreactor.EPollReactor.
2014-10-24 21:54:45+0400 [-] Server Shut Down.
2014-10-24 21:55:20+0400 [-] Log opened.
2014-10-24 21:55:20+0400 [-] twistd 14.0.0 (/usr/bin/python 2.7.6) starting up.
2014-10-24 21:55:20+0400 [-] reactor class: twisted.internet.epollreactor.EPollReactor.
2014-10-24 21:55:20+0400 [-] Server Shut Down.
2014-10-24 21:55:50+0400 [-] Log opened.
2014-10-24 21:55:50+0400 [-] twistd 14.0.0 (/usr/bin/python 2.7.6) starting up.
2014-10-24 21:55:50+0400 [-] reactor class: twisted.internet.epollreactor.EPollReactor.
2014-10-24 21:55:50+0400 [-] Server Shut Down.
2014-10-24 21:56:56+0400 [-] Log opened.
2014-10-24 21:56:56+0400 [-] twistd 14.0.0 (/usr/bin/python 2.7.6) starting up.
2014-10-24 21:56:56+0400 [-] reactor class: twisted.internet.epollreactor.EPollReactor.
2014-10-24 21:56:56+0400 [-] Server Shut Down.
2014-10-24 21:58:59+0400 [-] Log opened.
2014-10-24 21:58:59+0400 [-] twistd 14.0.0 (/usr/bin/python 2.7.6) starting up.
2014-10-24 21:58:59+0400 [-] reactor class: twisted.internet.epollreactor.EPollReactor.
2014-10-24 21:58:59+0400 [-] Server Shut Down.
2014-10-24 22:03:00+0400 [-] Log opened.
2014-10-24 22:03:00+0400 [-] twistd 14.0.0 (/usr/bin/python 2.7.6) starting up.
2014-10-24 22:03:00+0400 [-] reactor class: twisted.internet.epollreactor.EPollReactor.
2014-10-24 22:03:00+0400 [-] Server Shut Down.
2014-10-24 22:03:44+0400 [-] Log opened.
2014-10-24 22:03:44+0400 [-] twistd 14.0.0 (/usr/bin/python 2.7.6) starting up.
2014-10-24 22:03:44+0400 [-] reactor class: twisted.internet.epollreactor.EPollReactor.
2014-10-24 22:03:44+0400 [-] Server Shut Down.
2014-10-24 22:04:29+0400 [-] Log opened.
2014-10-24 22:04:29+0400 [-] twistd 14.0.0 (/usr/bin/python 2.7.6) starting up.
2014-10-24 22:04:29+0400 [-] reactor class: twisted.internet.epollreactor.EPollReactor.
2014-10-24 22:04:29+0400 [-] Server Shut Down.
2014-10-24 22:07:48+0400 [-] Log opened.
2014-10-24 22:07:48+0400 [-] twistd 14.0.0 (/usr/bin/python 2.7.6) starting up.
2014-10-24 22:07:48+0400 [-] reactor class: twisted.internet.epollreactor.EPollReactor.
2014-10-24 22:07:48+0400 [-] Server Shut Down.
2014-10-24 22:13:01+0400 [-] Log opened.
2014-10-24 22:13:01+0400 [-] twistd 14.0.0 (/usr/bin/python 2.7.6) starting up.
2014-10-24 22:13:01+0400 [-] reactor class: twisted.internet.epollreactor.EPollReactor.
2014-10-24 22:13:01+0400 [-] Server Shut Down.
2014-10-24 22:16:52+0400 [-] Log opened.
2014-10-24 22:16:52+0400 [-] twistd 14.0.0 (/usr/bin/python 2.7.6) starting up.
2014-10-24 22:16:52+0400 [-] reactor class: twisted.internet.epollreactor.EPollReactor.
2014-10-24 22:16:52+0400 [-] Server Shut Down.
2014-10-24 22:19:39+0400 [-] Log opened.
2014-10-24 22:19:39+0400 [-] twistd 14.0.0 (/usr/bin/python 2.7.6) starting up.
2014-10-24 22:19:39+0400 [-] reactor class: twisted.internet.epollreactor.EPollReactor.
2014-10-24 22:19:39+0400 [-] Server Shut Down.
2014-10-24 22:21:50+0400 [-] Log opened.
2014-10-24 22:21:50+0400 [-] twistd 14.0.0 (/usr/bin/python 2.7.6) starting up.
2014-10-24 22:21:50+0400 [-] reactor class: twisted.internet.epollreactor.EPollReactor.
2014-10-24 22:21:50+0400 [-] Server Shut Down.
2014-10-24 22:22:08+0400 [-] Log opened.
2014-10-24 22:22:08+0400 [-] twistd 14.0.0 (/usr/bin/python 2.7.6) starting up.
2014-10-24 22:22:08+0400 [-] reactor class: twisted.internet.epollreactor.EPollReactor.
2014-10-24 22:22:08+0400 [-] Server Shut Down.
2014-10-24 22:23:43+0400 [-] Log opened.
2014-10-24 22:23:43+0400 [-] twistd 14.0.0 (/usr/bin/python 2.7.6) starting up.
2014-10-24 22:23:43+0400 [-] reactor class: twisted.internet.epollreactor.EPollReactor.
2014-10-24 22:23:43+0400 [-] Server Shut Down.
2014-10-24 22:24:36+0400 [-] Log opened.
2014-10-24 22:24:36+0400 [-] twistd 14.0.0 (/usr/bin/python 2.7.6) starting up.
2014-10-24 22:24:36+0400 [-] reactor class: twisted.internet.epollreactor.EPollReactor.
2014-10-24 22:24:36+0400 [-] Server Shut Down.
2014-10-24 22:32:31+0400 [-] Log opened.
2014-10-24 22:32:31+0400 [-] twistd 14.0.0 (/usr/bin/python 2.7.6) starting up.
2014-10-24 22:32:31+0400 [-] reactor class: twisted.internet.epollreactor.EPollReactor.
2014-10-24 22:32:31+0400 [-] Server Shut Down.
2014-10-24 22:33:15+0400 [-] Log opened.
2014-10-24 22:33:15+0400 [-] twistd 14.0.0 (/usr/bin/python 2.7.6) starting up.
2014-10-24 22:33:15+0400 [-] reactor class: twisted.internet.epollreactor.EPollReactor.
2014-10-24 22:33:15+0400 [-] Server Shut Down.
2014-10-24 22:34:00+0400 [-] Log opened.
2014-10-24 22:34:00+0400 [-] twistd 14.0.0 (/usr/bin/python 2.7.6) starting up.
2014-10-24 22:34:00+0400 [-] reactor class: twisted.internet.epollreactor.EPollReactor.
2014-10-24 22:34:00+0400 [-] Server Shut Down.
2014-10-24 22:35:19+0400 [-] Log opened.
2014-10-24 22:35:19+0400 [-] twistd 14.0.0 (/usr/bin/python 2.7.6) starting up.
2014-10-24 22:35:19+0400 [-] reactor class: twisted.internet.epollreactor.EPollReactor.
2014-10-24 22:35:19+0400 [-] Server Shut Down.
2014-10-24 22:36:26+0400 [-] Log opened.
2014-10-24 22:36:26+0400 [-] twistd 14.0.0 (/usr/bin/python 2.7.6) starting up.
2014-10-24 22:36:26+0400 [-] reactor class: twisted.internet.epollreactor.EPollReactor.
2014-10-24 22:36:26+0400 [-] Server Shut Down.
2014-10-24 22:37:22+0400 [-] Log opened.
2014-10-24 22:37:22+0400 [-] twistd 14.0.0 (/usr/bin/python 2.7.6) starting up.
2014-10-24 22:37:22+0400 [-] reactor class: twisted.internet.epollreactor.EPollReactor.
2014-10-24 22:37:22+0400 [-] Server Shut Down.
2014-10-24 22:40:11+0400 [-] Log opened.
2014-10-24 22:40:11+0400 [-] twistd 14.0.0 (/usr/bin/python 2.7.6) starting up.
2014-10-24 22:40:11+0400 [-] reactor class: twisted.internet.epollreactor.EPollReactor.
2014-10-24 22:40:11+0400 [-] Server Shut Down.
2014-10-24 22:40:29+0400 [-] Log opened.
2014-10-24 22:40:29+0400 [-] twistd 14.0.0 (/usr/bin/python 2.7.6) starting up.
2014-10-24 22:40:29+0400 [-] reactor class: twisted.internet.epollreactor.EPollReactor.
2014-10-24 22:40:29+0400 [-] Server Shut Down.
2014-10-24 22:40:58+0400 [-] Log opened.
2014-10-24 22:40:58+0400 [-] twistd 14.0.0 (/usr/bin/python 2.7.6) starting up.
2014-10-24 22:40:58+0400 [-] reactor class: twisted.internet.epollreactor.EPollReactor.
2014-10-24 22:40:58+0400 [-] Server Shut Down.
2014-10-24 22:41:36+0400 [-] Log opened.
2014-10-24 22:41:36+0400 [-] twistd 14.0.0 (/usr/bin/python 2.7.6) starting up.
2014-10-24 22:41:36+0400 [-] reactor class: twisted.internet.epollreactor.EPollReactor.
2014-10-24 22:41:36+0400 [-] Server Shut Down.
2014-10-24 22:41:57+0400 [-] Log opened.
2014-10-24 22:41:57+0400 [-] twistd 14.0.0 (/usr/bin/python 2.7.6) starting up.
2014-10-24 22:41:57+0400 [-] reactor class: twisted.internet.epollreactor.EPollReactor.
2014-10-24 22:41:57+0400 [-] Server Shut Down.
2014-10-24 22:42:56+0400 [-] Log opened.
2014-10-24 22:42:56+0400 [-] twistd 14.0.0 (/usr/bin/python 2.7.6) starting up.
2014-10-24 22:42:56+0400 [-] reactor class: twisted.internet.epollreactor.EPollReactor.
2014-10-24 22:42:56+0400 [-] Server Shut Down.
2014-10-24 22:43:49+0400 [-] Log opened.
2014-10-24 22:43:49+0400 [-] twistd 14.0.0 (/usr/bin/python 2.7.6) starting up.
2014-10-24 22:43:49+0400 [-] reactor class: twisted.internet.epollreactor.EPollReactor.
2014-10-24 22:43:49+0400 [-] Server Shut Down.
2014-10-24 23:03:57+0400 [-] Log opened.
2014-10-24 23:03:57+0400 [-] twistd 14.0.0 (/usr/bin/python 2.7.6) starting up.
2014-10-24 23:03:57+0400 [-] reactor class: twisted.internet.epollreactor.EPollReactor.
2014-10-24 23:03:57+0400 [-] Server Shut Down.
2014-10-25 07:55:34+0400 [-] Log opened.
2014-10-25 07:55:34+0400 [-] twistd 14.0.0 (/usr/bin/python 2.7.6) starting up.
2014-10-25 07:55:34+0400 [-] reactor class: twisted.internet.epollreactor.EPollReactor.
2014-10-25 07:55:34+0400 [-] Server Shut Down.
2014-10-25 07:57:48+0400 [-] Log opened.
2014-10-25 07:57:48+0400 [-] twistd 14.0.0 (/usr/bin/python 2.7.6) starting up.
2014-10-25 07:57:48+0400 [-] reactor class: twisted.internet.epollreactor.EPollReactor.
2014-10-25 07:57:48+0400 [-] Server Shut Down.
2014-10-25 15:32:43+0400 [-] Log opened.
2014-10-25 15:32:43+0400 [-] twistd 14.0.0 (/usr/bin/python 2.7.6) starting up.
2014-10-25 15:32:43+0400 [-] reactor class: twisted.internet.epollreactor.EPollReactor.
2014-10-25 15:32:43+0400 [-] Server Shut Down.
2014-10-25 19:25:52+0400 [-] Log opened.
2014-10-25 19:25:52+0400 [-] twistd 14.0.2 (/usr/bin/python 2.7.3) starting up.
2014-10-25 19:25:52+0400 [-] reactor class: twisted.internet.epollreactor.EPollReactor.
2014-10-25 19:25:52+0400 [-] Server Shut Down.
2014-10-27 12:22:11+0400 [-] Log opened.
2014-10-27 12:22:11+0400 [-] twistd 14.0.2 (/usr/bin/python 2.7.3) starting up.
2014-10-27 12:22:11+0400 [-] reactor class: twisted.internet.epollreactor.EPollReactor.
2014-10-27 12:22:11+0400 [-] Server Shut Down.
2014-10-27 12:22:39+0400 [-] Log opened.
2014-10-27 12:22:39+0400 [-] twistd 14.0.2 (/usr/bin/python 2.7.3) starting up.
2014-10-27 12:22:39+0400 [-] reactor class: twisted.internet.epollreactor.EPollReactor.
2014-10-27 12:22:39+0400 [-] Server Shut Down.
2014-10-27 12:25:31+0400 [-] Log opened.
2014-10-27 12:25:31+0400 [-] twistd 14.0.2 (/usr/bin/python 2.7.3) starting up.
2014-10-27 12:25:31+0400 [-] reactor class: twisted.internet.epollreactor.EPollReactor.
2014-10-27 12:25:31+0400 [-] Server Shut Down.
2014-10-27 12:58:27+0400 [-] Log opened.
2014-10-27 12:58:27+0400 [-] twistd 14.0.2 (/usr/bin/python 2.7.3) starting up.
2014-10-27 12:58:27+0400 [-] reactor class: twisted.internet.epollreactor.EPollReactor.
2014-10-27 12:58:27+0400 [-] Server Shut Down.
2014-10-27 14:29:31+0400 [-] Log opened.
2014-10-27 14:29:31+0400 [-] twistd 14.0.2 (/usr/bin/python 2.7.3) starting up.
2014-10-27 14:29:31+0400 [-] reactor class: twisted.internet.epollreactor.EPollReactor.
2014-10-27 14:29:31+0400 [-] Server Shut Down.
2014-10-27 14:40:59+0400 [-] Log opened.
2014-10-27 14:40:59+0400 [-] twistd 14.0.2 (/usr/bin/python 2.7.3) starting up.
2014-10-27 14:40:59+0400 [-] reactor class: twisted.internet.epollreactor.EPollReactor.
2014-10-27 14:40:59+0400 [-] Server Shut Down.
2014-10-30 17:08:15+0300 [-] Log opened.
2014-10-30 17:08:15+0300 [-] twistd 13.2.0 (/usr/bin/python 2.7.6) starting up.
2014-10-30 17:08:15+0300 [-] reactor class: twisted.internet.epollreactor.EPollReactor.
2014-10-30 17:08:15+0300 [-] Server Shut Down.
2014-10-30 17:15:45+0300 [-] Log opened.
2014-10-30 17:15:45+0300 [-] twistd 13.2.0 (/usr/bin/python 2.7.6) starting up.
2014-10-30 17:15:45+0300 [-] reactor class: twisted.internet.epollreactor.EPollReactor.
2014-10-30 17:15:45+0300 [-] Server Shut Down.
2014-10-30 17:19:52+0300 [-] Log opened.
2014-10-30 17:19:52+0300 [-] twistd 13.2.0 (/usr/bin/python 2.7.6) starting up.
2014-10-30 17:19:52+0300 [-] reactor class: twisted.internet.epollreactor.EPollReactor.
2014-10-30 17:19:52+0300 [-] Server Shut Down.
2014-10-30 17:20:48+0300 [-] Log opened.
2014-10-30 17:20:48+0300 [-] twistd 13.2.0 (/usr/bin/python 2.7.6) starting up.
2014-10-30 17:20:48+0300 [-] reactor class: twisted.internet.epollreactor.EPollReactor.
2014-10-30 17:20:48+0300 [-] Server Shut Down.
2014-10-30 17:22:43+0300 [-] Log opened.
2014-10-30 17:22:43+0300 [-] twistd 13.2.0 (/usr/bin/python 2.7.6) starting up.
2014-10-30 17:22:43+0300 [-] reactor class: twisted.internet.epollreactor.EPollReactor.
2014-10-30 17:22:43+0300 [-] Server Shut Down.
2014-10-30 17:24:24+0300 [-] Log opened.
2014-10-30 17:24:24+0300 [-] twistd 13.2.0 (/usr/bin/python 2.7.6) starting up.
2014-10-30 17:24:24+0300 [-] reactor class: twisted.internet.epollreactor.EPollReactor.
2014-10-30 17:24:24+0300 [-] Server Shut Down.
2014-10-30 17:29:25+0300 [-] Log opened.
2014-10-30 17:29:25+0300 [-] twistd 13.2.0 (/usr/bin/python 2.7.6) starting up.
2014-10-30 17:29:25+0300 [-] reactor class: twisted.internet.epollreactor.EPollReactor.
2014-10-30 17:29:25+0300 [-] Server Shut Down.
2014-10-30 17:34:56+0300 [-] Log opened.
2014-10-30 17:34:56+0300 [-] twistd 13.2.0 (/usr/bin/python 2.7.6) starting up.
2014-10-30 17:34:56+0300 [-] reactor class: twisted.internet.epollreactor.EPollReactor.
2014-10-30 17:34:56+0300 [-] Server Shut Down.
2014-10-30 17:37:04+0300 [-] Log opened.
2014-10-30 17:37:04+0300 [-] twistd 13.2.0 (/usr/bin/python 2.7.6) starting up.
2014-10-30 17:37:04+0300 [-] reactor class: twisted.internet.epollreactor.EPollReactor.
2014-10-30 17:37:04+0300 [-] Server Shut Down.
2014-10-30 17:41:26+0300 [-] Log opened.
2014-10-30 17:41:26+0300 [-] twistd 13.2.0 (/usr/bin/python 2.7.6) starting up.
2014-10-30 17:41:26+0300 [-] reactor class: twisted.internet.epollreactor.EPollReactor.
2014-10-30 17:41:27+0300 [-] Server Shut Down.
2014-10-30 21:36:39+0400 [-] Log opened.
2014-10-30 21:36:39+0400 [-] twistd 14.0.0 (/usr/bin/python 2.7.6) starting up.
2014-10-30 21:36:39+0400 [-] reactor class: twisted.internet.epollreactor.EPollReactor.
2014-10-30 21:36:39+0400 [-] Server Shut Down.
2014-10-30 22:27:37+0400 [-] Log opened.
2014-10-30 22:27:37+0400 [-] twistd 14.0.0 (/usr/bin/python 2.7.6) starting up.
2014-10-30 22:27:37+0400 [-] reactor class: twisted.internet.epollreactor.EPollReactor.
2014-10-30 22:27:37+0400 [-] Server Shut Down.
2016-06-04 20:15:59+0300 [-] Log opened.
2016-06-04 20:15:59+0300 [-] twistd 15.5.0 (/usr/local/opt/python/bin/python2.7 2.7.10) starting up.
2016-06-04 20:15:59+0300 [-] reactor class: twisted.internet.selectreactor.SelectReactor.
2016-06-04 20:15:59+0300 [-] Server Shut Down.
2016-06-04 22:43:24+0300 [-] Log opened.
2016-06-04 22:43:24+0300 [-] twistd 15.5.0 (/Users/aleksandr/Documents/workspace/canvas_game/canvas_app/bin/python 2.7.10) starting up.
2016-06-04 22:43:24+0300 [-] reactor class: twisted.internet.selectreactor.SelectReactor.
2016-06-04 22:43:24+0300 [-] Server Shut Down.
2016-06-04 22:47:30+0300 [-] Log opened.
2016-06-04 22:47:30+0300 [-] twistd 15.5.0 (/Users/aleksandr/Documents/workspace/canvas_game/canvas_app/bin/python 2.7.10) starting up.
2016-06-04 22:47:30+0300 [-] reactor class: twisted.internet.selectreactor.SelectReactor.
2016-06-04 22:47:30+0300 [-] Server Shut Down.
2016-06-04 22:48:58+0300 [-] Log opened.
2016-06-04 22:48:58+0300 [-] twistd 15.5.0 (/Users/aleksandr/Documents/workspace/canvas_game/canvas_app/bin/python 2.7.10) starting up.
2016-06-04 22:48:58+0300 [-] reactor class: twisted.internet.selectreactor.SelectReactor.
2016-06-04 22:48:58+0300 [-] Server Shut Down.
2016-06-04 22:51:14+0300 [-] Log opened.
2016-06-04 22:51:14+0300 [-] twistd 15.5.0 (/Users/aleksandr/Documents/workspace/canvas_game/canvas_app/bin/python 2.7.10) starting up.
2016-06-04 22:51:14+0300 [-] reactor class: twisted.internet.selectreactor.SelectReactor.
2016-06-04 22:51:14+0300 [-] Server Shut Down.
2016-06-04 22:52:10+0300 [-] Log opened.
2016-06-04 22:52:10+0300 [-] twistd 15.5.0 (/Users/aleksandr/Documents/workspace/canvas_game/canvas_app/bin/python 2.7.10) starting up.
2016-06-04 22:52:10+0300 [-] reactor class: twisted.internet.selectreactor.SelectReactor.
2016-06-04 22:52:10+0300 [-] Server Shut Down.
2016-06-04 23:06:13+0300 [-] Log opened.
2016-06-04 23:06:13+0300 [-] twistd 15.5.0 (/Users/aleksandr/Documents/workspace/canvas_game/canvas_app/bin/python 2.7.10) starting up.
2016-06-04 23:06:13+0300 [-] reactor class: twisted.internet.selectreactor.SelectReactor.
2016-06-04 23:06:13+0300 [-] Server Shut Down.
2016-06-04 23:08:56+0300 [-] Log opened.
2016-06-04 23:08:56+0300 [-] twistd 15.5.0 (/Users/aleksandr/Documents/workspace/canvas_game/canvas_app/bin/python 2.7.10) starting up.
2016-06-04 23:08:56+0300 [-] reactor class: twisted.internet.selectreactor.SelectReactor.
2016-06-04 23:08:56+0300 [-] Server Shut Down.
2016-06-04 23:13:31+0300 [-] Log opened.
2016-06-04 23:13:31+0300 [-] twistd 15.5.0 (/Users/aleksandr/Documents/workspace/canvas_game/canvas_app/bin/python 2.7.10) starting up.
2016-06-04 23:13:31+0300 [-] reactor class: twisted.internet.selectreactor.SelectReactor.
2016-06-04 23:13:31+0300 [-] Server Shut Down.
2016-06-04 23:15:06+0300 [-] Log opened.
2016-06-04 23:15:06+0300 [-] twistd 15.5.0 (/Users/aleksandr/Documents/workspace/canvas_game/canvas_app/bin/python 2.7.10) starting up.
2016-06-04 23:15:06+0300 [-] reactor class: twisted.internet.selectreactor.SelectReactor.
2016-06-04 23:15:06+0300 [-] Server Shut Down.
2016-06-04 23:24:44+0300 [-] Log opened.
2016-06-04 23:24:44+0300 [-] twistd 15.5.0 (/Users/aleksandr/Documents/workspace/canvas_game/canvas_app/bin/python 2.7.10) starting up.
2016-06-04 23:24:44+0300 [-] reactor class: twisted.internet.selectreactor.SelectReactor.
2016-06-04 23:24:44+0300 [-] Server Shut Down.
2016-06-04 23:25:45+0300 [-] Log opened.
2016-06-04 23:25:45+0300 [-] twistd 15.5.0 (/Users/aleksandr/Documents/workspace/canvas_game/canvas_app/bin/python 2.7.10) starting up.
2016-06-04 23:25:45+0300 [-] reactor class: twisted.internet.selectreactor.SelectReactor.
2016-06-04 23:25:45+0300 [-] Server Shut Down.
2016-06-04 23:26:47+0300 [-] Log opened.
2016-06-04 23:26:47+0300 [-] twistd 15.5.0 (/Users/aleksandr/Documents/workspace/canvas_game/canvas_app/bin/python 2.7.10) starting up.
2016-06-04 23:26:47+0300 [-] reactor class: twisted.internet.selectreactor.SelectReactor.
2016-06-04 23:26:47+0300 [-] Server Shut Down.
