Traceback (most recent call last):
  File "/usr/local/lib/python2.7/dist-packages/twisted/application/app.py", line 313, in runReactorWithLogging
    reactor.run()
  File "/usr/local/lib/python2.7/dist-packages/twisted/internet/base.py", line 1191, in run
    self.startRunning(installSignalHandlers=installSignalHandlers)
  File "/usr/local/lib/python2.7/dist-packages/twisted/internet/base.py", line 1171, in startRunning
    ReactorBase.startRunning(self)
  File "/usr/local/lib/python2.7/dist-packages/twisted/internet/base.py", line 683, in startRunning
    raise error.ReactorNotRestartable()
ReactorNotRestartable
Traceback (most recent call last):
  File "/usr/local/lib/python2.7/dist-packages/twisted/application/app.py", line 313, in runReactorWithLogging
    reactor.run()
  File "/usr/local/lib/python2.7/dist-packages/twisted/internet/base.py", line 1191, in run
    self.startRunning(installSignalHandlers=installSignalHandlers)
  File "/usr/local/lib/python2.7/dist-packages/twisted/internet/base.py", line 1171, in startRunning
    ReactorBase.startRunning(self)
  File "/usr/local/lib/python2.7/dist-packages/twisted/internet/base.py", line 683, in startRunning
    raise error.ReactorNotRestartable()
ReactorNotRestartable
Traceback (most recent call last):
  File "/usr/local/lib/python2.7/dist-packages/twisted/application/app.py", line 313, in runReactorWithLogging
    reactor.run()
  File "/usr/local/lib/python2.7/dist-packages/twisted/internet/base.py", line 1191, in run
    self.startRunning(installSignalHandlers=installSignalHandlers)
  File "/usr/local/lib/python2.7/dist-packages/twisted/internet/base.py", line 1171, in startRunning
    ReactorBase.startRunning(self)
  File "/usr/local/lib/python2.7/dist-packages/twisted/internet/base.py", line 683, in startRunning
    raise error.ReactorNotRestartable()
ReactorNotRestartable
Traceback (most recent call last):
  File "/usr/local/lib/python2.7/dist-packages/twisted/application/app.py", line 313, in runReactorWithLogging
    reactor.run()
  File "/usr/local/lib/python2.7/dist-packages/twisted/internet/base.py", line 1191, in run
    self.startRunning(installSignalHandlers=installSignalHandlers)
  File "/usr/local/lib/python2.7/dist-packages/twisted/internet/base.py", line 1171, in startRunning
    ReactorBase.startRunning(self)
  File "/usr/local/lib/python2.7/dist-packages/twisted/internet/base.py", line 683, in startRunning
    raise error.ReactorNotRestartable()
ReactorNotRestartable
Traceback (most recent call last):
  File "/usr/local/lib/python2.7/dist-packages/twisted/application/app.py", line 313, in runReactorWithLogging
    reactor.run()
  File "/usr/local/lib/python2.7/dist-packages/twisted/internet/base.py", line 1191, in run
    self.startRunning(installSignalHandlers=installSignalHandlers)
  File "/usr/local/lib/python2.7/dist-packages/twisted/internet/base.py", line 1171, in startRunning
    ReactorBase.startRunning(self)
  File "/usr/local/lib/python2.7/dist-packages/twisted/internet/base.py", line 683, in startRunning
    raise error.ReactorNotRestartable()
ReactorNotRestartable
Traceback (most recent call last):
  File "/usr/local/lib/python2.7/dist-packages/twisted/application/app.py", line 313, in runReactorWithLogging
    reactor.run()
  File "/usr/local/lib/python2.7/dist-packages/twisted/internet/base.py", line 1191, in run
    self.startRunning(installSignalHandlers=installSignalHandlers)
  File "/usr/local/lib/python2.7/dist-packages/twisted/internet/base.py", line 1171, in startRunning
    ReactorBase.startRunning(self)
  File "/usr/local/lib/python2.7/dist-packages/twisted/internet/base.py", line 683, in startRunning
    raise error.ReactorNotRestartable()
ReactorNotRestartable
Traceback (most recent call last):
  File "/usr/local/lib/python2.7/dist-packages/twisted/application/app.py", line 313, in runReactorWithLogging
    reactor.run()
  File "/usr/local/lib/python2.7/dist-packages/twisted/internet/base.py", line 1191, in run
    self.startRunning(installSignalHandlers=installSignalHandlers)
  File "/usr/local/lib/python2.7/dist-packages/twisted/internet/base.py", line 1171, in startRunning
    ReactorBase.startRunning(self)
  File "/usr/local/lib/python2.7/dist-packages/twisted/internet/base.py", line 683, in startRunning
    raise error.ReactorNotRestartable()
ReactorNotRestartable
Traceback (most recent call last):
  File "/usr/local/lib/python2.7/dist-packages/twisted/application/app.py", line 313, in runReactorWithLogging
    reactor.run()
  File "/usr/local/lib/python2.7/dist-packages/twisted/internet/base.py", line 1191, in run
    self.startRunning(installSignalHandlers=installSignalHandlers)
  File "/usr/local/lib/python2.7/dist-packages/twisted/internet/base.py", line 1171, in startRunning
    ReactorBase.startRunning(self)
  File "/usr/local/lib/python2.7/dist-packages/twisted/internet/base.py", line 683, in startRunning
    raise error.ReactorNotRestartable()
ReactorNotRestartable
Traceback (most recent call last):
  File "/usr/local/lib/python2.7/dist-packages/twisted/application/app.py", line 313, in runReactorWithLogging
    reactor.run()
  File "/usr/local/lib/python2.7/dist-packages/twisted/internet/base.py", line 1191, in run
    self.startRunning(installSignalHandlers=installSignalHandlers)
  File "/usr/local/lib/python2.7/dist-packages/twisted/internet/base.py", line 1171, in startRunning
    ReactorBase.startRunning(self)
  File "/usr/local/lib/python2.7/dist-packages/twisted/internet/base.py", line 683, in startRunning
    raise error.ReactorNotRestartable()
ReactorNotRestartable
Traceback (most recent call last):
  File "/usr/local/lib/python2.7/dist-packages/twisted/application/app.py", line 313, in runReactorWithLogging
    reactor.run()
  File "/usr/local/lib/python2.7/dist-packages/twisted/internet/base.py", line 1191, in run
    self.startRunning(installSignalHandlers=installSignalHandlers)
  File "/usr/local/lib/python2.7/dist-packages/twisted/internet/base.py", line 1171, in startRunning
    ReactorBase.startRunning(self)
  File "/usr/local/lib/python2.7/dist-packages/twisted/internet/base.py", line 683, in startRunning
    raise error.ReactorNotRestartable()
ReactorNotRestartable
Traceback (most recent call last):
  File "/usr/local/lib/python2.7/dist-packages/twisted/application/app.py", line 313, in runReactorWithLogging
    reactor.run()
  File "/usr/local/lib/python2.7/dist-packages/twisted/internet/base.py", line 1191, in run
    self.startRunning(installSignalHandlers=installSignalHandlers)
  File "/usr/local/lib/python2.7/dist-packages/twisted/internet/base.py", line 1171, in startRunning
    ReactorBase.startRunning(self)
  File "/usr/local/lib/python2.7/dist-packages/twisted/internet/base.py", line 683, in startRunning
    raise error.ReactorNotRestartable()
ReactorNotRestartable
Traceback (most recent call last):
  File "/usr/local/lib/python2.7/dist-packages/twisted/application/app.py", line 313, in runReactorWithLogging
    reactor.run()
  File "/usr/local/lib/python2.7/dist-packages/twisted/internet/base.py", line 1191, in run
    self.startRunning(installSignalHandlers=installSignalHandlers)
  File "/usr/local/lib/python2.7/dist-packages/twisted/internet/base.py", line 1171, in startRunning
    ReactorBase.startRunning(self)
  File "/usr/local/lib/python2.7/dist-packages/twisted/internet/base.py", line 683, in startRunning
    raise error.ReactorNotRestartable()
ReactorNotRestartable
Traceback (most recent call last):
  File "/usr/local/lib/python2.7/dist-packages/twisted/application/app.py", line 313, in runReactorWithLogging
    reactor.run()
  File "/usr/local/lib/python2.7/dist-packages/twisted/internet/base.py", line 1191, in run
    self.startRunning(installSignalHandlers=installSignalHandlers)
  File "/usr/local/lib/python2.7/dist-packages/twisted/internet/base.py", line 1171, in startRunning
    ReactorBase.startRunning(self)
  File "/usr/local/lib/python2.7/dist-packages/twisted/internet/base.py", line 683, in startRunning
    raise error.ReactorNotRestartable()
ReactorNotRestartable
Traceback (most recent call last):
  File "/usr/local/lib/python2.7/dist-packages/twisted/application/app.py", line 313, in runReactorWithLogging
    reactor.run()
  File "/usr/local/lib/python2.7/dist-packages/twisted/internet/base.py", line 1191, in run
    self.startRunning(installSignalHandlers=installSignalHandlers)
  File "/usr/local/lib/python2.7/dist-packages/twisted/internet/base.py", line 1171, in startRunning
    ReactorBase.startRunning(self)
  File "/usr/local/lib/python2.7/dist-packages/twisted/internet/base.py", line 683, in startRunning
    raise error.ReactorNotRestartable()
ReactorNotRestartable
Traceback (most recent call last):
  File "/usr/local/lib/python2.7/dist-packages/twisted/application/app.py", line 313, in runReactorWithLogging
    reactor.run()
  File "/usr/local/lib/python2.7/dist-packages/twisted/internet/base.py", line 1191, in run
    self.startRunning(installSignalHandlers=installSignalHandlers)
  File "/usr/local/lib/python2.7/dist-packages/twisted/internet/base.py", line 1171, in startRunning
    ReactorBase.startRunning(self)
  File "/usr/local/lib/python2.7/dist-packages/twisted/internet/base.py", line 683, in startRunning
    raise error.ReactorNotRestartable()
ReactorNotRestartable
Traceback (most recent call last):
  File "/usr/local/lib/python2.7/dist-packages/twisted/application/app.py", line 313, in runReactorWithLogging
    reactor.run()
  File "/usr/local/lib/python2.7/dist-packages/twisted/internet/base.py", line 1191, in run
    self.startRunning(installSignalHandlers=installSignalHandlers)
  File "/usr/local/lib/python2.7/dist-packages/twisted/internet/base.py", line 1171, in startRunning
    ReactorBase.startRunning(self)
  File "/usr/local/lib/python2.7/dist-packages/twisted/internet/base.py", line 683, in startRunning
    raise error.ReactorNotRestartable()
ReactorNotRestartable
Traceback (most recent call last):
  File "/usr/local/lib/python2.7/dist-packages/twisted/application/app.py", line 313, in runReactorWithLogging
    reactor.run()
  File "/usr/local/lib/python2.7/dist-packages/twisted/internet/base.py", line 1191, in run
    self.startRunning(installSignalHandlers=installSignalHandlers)
  File "/usr/local/lib/python2.7/dist-packages/twisted/internet/base.py", line 1171, in startRunning
    ReactorBase.startRunning(self)
  File "/usr/local/lib/python2.7/dist-packages/twisted/internet/base.py", line 683, in startRunning
    raise error.ReactorNotRestartable()
ReactorNotRestartable
Traceback (most recent call last):
  File "/usr/local/lib/python2.7/dist-packages/twisted/application/app.py", line 313, in runReactorWithLogging
    reactor.run()
  File "/usr/local/lib/python2.7/dist-packages/twisted/internet/base.py", line 1191, in run
    self.startRunning(installSignalHandlers=installSignalHandlers)
  File "/usr/local/lib/python2.7/dist-packages/twisted/internet/base.py", line 1171, in startRunning
    ReactorBase.startRunning(self)
  File "/usr/local/lib/python2.7/dist-packages/twisted/internet/base.py", line 683, in startRunning
    raise error.ReactorNotRestartable()
ReactorNotRestartable
Traceback (most recent call last):
  File "/usr/local/lib/python2.7/dist-packages/twisted/application/app.py", line 313, in runReactorWithLogging
    reactor.run()
  File "/usr/local/lib/python2.7/dist-packages/twisted/internet/base.py", line 1191, in run
    self.startRunning(installSignalHandlers=installSignalHandlers)
  File "/usr/local/lib/python2.7/dist-packages/twisted/internet/base.py", line 1171, in startRunning
    ReactorBase.startRunning(self)
  File "/usr/local/lib/python2.7/dist-packages/twisted/internet/base.py", line 683, in startRunning
    raise error.ReactorNotRestartable()
ReactorNotRestartable
Traceback (most recent call last):
  File "/usr/local/lib/python2.7/dist-packages/twisted/application/app.py", line 313, in runReactorWithLogging
    reactor.run()
  File "/usr/local/lib/python2.7/dist-packages/twisted/internet/base.py", line 1191, in run
    self.startRunning(installSignalHandlers=installSignalHandlers)
  File "/usr/local/lib/python2.7/dist-packages/twisted/internet/base.py", line 1171, in startRunning
    ReactorBase.startRunning(self)
  File "/usr/local/lib/python2.7/dist-packages/twisted/internet/base.py", line 683, in startRunning
    raise error.ReactorNotRestartable()
ReactorNotRestartable
Traceback (most recent call last):
  File "/usr/local/lib/python2.7/dist-packages/twisted/application/app.py", line 313, in runReactorWithLogging
    reactor.run()
  File "/usr/local/lib/python2.7/dist-packages/twisted/internet/base.py", line 1191, in run
    self.startRunning(installSignalHandlers=installSignalHandlers)
  File "/usr/local/lib/python2.7/dist-packages/twisted/internet/base.py", line 1171, in startRunning
    ReactorBase.startRunning(self)
  File "/usr/local/lib/python2.7/dist-packages/twisted/internet/base.py", line 683, in startRunning
    raise error.ReactorNotRestartable()
ReactorNotRestartable
Traceback (most recent call last):
  File "/usr/local/lib/python2.7/dist-packages/twisted/application/app.py", line 313, in runReactorWithLogging
    reactor.run()
  File "/usr/local/lib/python2.7/dist-packages/twisted/internet/base.py", line 1191, in run
    self.startRunning(installSignalHandlers=installSignalHandlers)
  File "/usr/local/lib/python2.7/dist-packages/twisted/internet/base.py", line 1171, in startRunning
    ReactorBase.startRunning(self)
  File "/usr/local/lib/python2.7/dist-packages/twisted/internet/base.py", line 683, in startRunning
    raise error.ReactorNotRestartable()
ReactorNotRestartable
Traceback (most recent call last):
  File "/usr/local/lib/python2.7/dist-packages/twisted/application/app.py", line 313, in runReactorWithLogging
    reactor.run()
  File "/usr/local/lib/python2.7/dist-packages/twisted/internet/base.py", line 1191, in run
    self.startRunning(installSignalHandlers=installSignalHandlers)
  File "/usr/local/lib/python2.7/dist-packages/twisted/internet/base.py", line 1171, in startRunning
    ReactorBase.startRunning(self)
  File "/usr/local/lib/python2.7/dist-packages/twisted/internet/base.py", line 683, in startRunning
    raise error.ReactorNotRestartable()
ReactorNotRestartable
Traceback (most recent call last):
  File "/usr/local/lib/python2.7/dist-packages/twisted/application/app.py", line 313, in runReactorWithLogging
    reactor.run()
  File "/usr/local/lib/python2.7/dist-packages/twisted/internet/base.py", line 1191, in run
    self.startRunning(installSignalHandlers=installSignalHandlers)
  File "/usr/local/lib/python2.7/dist-packages/twisted/internet/base.py", line 1171, in startRunning
    ReactorBase.startRunning(self)
  File "/usr/local/lib/python2.7/dist-packages/twisted/internet/base.py", line 683, in startRunning
    raise error.ReactorNotRestartable()
ReactorNotRestartable
Traceback (most recent call last):
  File "/usr/local/lib/python2.7/dist-packages/twisted/application/app.py", line 313, in runReactorWithLogging
    reactor.run()
  File "/usr/local/lib/python2.7/dist-packages/twisted/internet/base.py", line 1191, in run
    self.startRunning(installSignalHandlers=installSignalHandlers)
  File "/usr/local/lib/python2.7/dist-packages/twisted/internet/base.py", line 1171, in startRunning
    ReactorBase.startRunning(self)
  File "/usr/local/lib/python2.7/dist-packages/twisted/internet/base.py", line 683, in startRunning
    raise error.ReactorNotRestartable()
ReactorNotRestartable
Traceback (most recent call last):
  File "/usr/local/lib/python2.7/dist-packages/twisted/application/app.py", line 313, in runReactorWithLogging
    reactor.run()
  File "/usr/local/lib/python2.7/dist-packages/twisted/internet/base.py", line 1191, in run
    self.startRunning(installSignalHandlers=installSignalHandlers)
  File "/usr/local/lib/python2.7/dist-packages/twisted/internet/base.py", line 1171, in startRunning
    ReactorBase.startRunning(self)
  File "/usr/local/lib/python2.7/dist-packages/twisted/internet/base.py", line 683, in startRunning
    raise error.ReactorNotRestartable()
ReactorNotRestartable
Traceback (most recent call last):
  File "/usr/local/lib/python2.7/dist-packages/twisted/application/app.py", line 313, in runReactorWithLogging
    reactor.run()
  File "/usr/local/lib/python2.7/dist-packages/twisted/internet/base.py", line 1191, in run
    self.startRunning(installSignalHandlers=installSignalHandlers)
  File "/usr/local/lib/python2.7/dist-packages/twisted/internet/base.py", line 1171, in startRunning
    ReactorBase.startRunning(self)
  File "/usr/local/lib/python2.7/dist-packages/twisted/internet/base.py", line 683, in startRunning
    raise error.ReactorNotRestartable()
ReactorNotRestartable
Traceback (most recent call last):
  File "/usr/local/lib/python2.7/dist-packages/twisted/application/app.py", line 313, in runReactorWithLogging
    reactor.run()
  File "/usr/local/lib/python2.7/dist-packages/twisted/internet/base.py", line 1191, in run
    self.startRunning(installSignalHandlers=installSignalHandlers)
  File "/usr/local/lib/python2.7/dist-packages/twisted/internet/base.py", line 1171, in startRunning
    ReactorBase.startRunning(self)
  File "/usr/local/lib/python2.7/dist-packages/twisted/internet/base.py", line 683, in startRunning
    raise error.ReactorNotRestartable()
ReactorNotRestartable
Traceback (most recent call last):
  File "/usr/local/lib/python2.7/dist-packages/twisted/application/app.py", line 313, in runReactorWithLogging
    reactor.run()
  File "/usr/local/lib/python2.7/dist-packages/twisted/internet/base.py", line 1191, in run
    self.startRunning(installSignalHandlers=installSignalHandlers)
  File "/usr/local/lib/python2.7/dist-packages/twisted/internet/base.py", line 1171, in startRunning
    ReactorBase.startRunning(self)
  File "/usr/local/lib/python2.7/dist-packages/twisted/internet/base.py", line 683, in startRunning
    raise error.ReactorNotRestartable()
ReactorNotRestartable
Traceback (most recent call last):
  File "/usr/local/lib/python2.7/dist-packages/twisted/application/app.py", line 313, in runReactorWithLogging
    reactor.run()
  File "/usr/local/lib/python2.7/dist-packages/twisted/internet/base.py", line 1191, in run
    self.startRunning(installSignalHandlers=installSignalHandlers)
  File "/usr/local/lib/python2.7/dist-packages/twisted/internet/base.py", line 1171, in startRunning
    ReactorBase.startRunning(self)
  File "/usr/local/lib/python2.7/dist-packages/twisted/internet/base.py", line 683, in startRunning
    raise error.ReactorNotRestartable()
ReactorNotRestartable
Traceback (most recent call last):
  File "/usr/local/lib/python2.7/dist-packages/twisted/application/app.py", line 313, in runReactorWithLogging
    reactor.run()
  File "/usr/local/lib/python2.7/dist-packages/twisted/internet/base.py", line 1191, in run
    self.startRunning(installSignalHandlers=installSignalHandlers)
  File "/usr/local/lib/python2.7/dist-packages/twisted/internet/base.py", line 1171, in startRunning
    ReactorBase.startRunning(self)
  File "/usr/local/lib/python2.7/dist-packages/twisted/internet/base.py", line 683, in startRunning
    raise error.ReactorNotRestartable()
ReactorNotRestartable
Traceback (most recent call last):
  File "/usr/local/lib/python2.7/dist-packages/twisted/application/app.py", line 313, in runReactorWithLogging
    reactor.run()
  File "/usr/local/lib/python2.7/dist-packages/twisted/internet/base.py", line 1191, in run
    self.startRunning(installSignalHandlers=installSignalHandlers)
  File "/usr/local/lib/python2.7/dist-packages/twisted/internet/base.py", line 1171, in startRunning
    ReactorBase.startRunning(self)
  File "/usr/local/lib/python2.7/dist-packages/twisted/internet/base.py", line 683, in startRunning
    raise error.ReactorNotRestartable()
ReactorNotRestartable
Traceback (most recent call last):
  File "/usr/local/lib/python2.7/dist-packages/twisted/application/app.py", line 313, in runReactorWithLogging
    reactor.run()
  File "/usr/local/lib/python2.7/dist-packages/twisted/internet/base.py", line 1191, in run
    self.startRunning(installSignalHandlers=installSignalHandlers)
  File "/usr/local/lib/python2.7/dist-packages/twisted/internet/base.py", line 1171, in startRunning
    ReactorBase.startRunning(self)
  File "/usr/local/lib/python2.7/dist-packages/twisted/internet/base.py", line 683, in startRunning
    raise error.ReactorNotRestartable()
ReactorNotRestartable
Traceback (most recent call last):
  File "/usr/local/lib/python2.7/dist-packages/twisted/application/app.py", line 313, in runReactorWithLogging
    reactor.run()
  File "/usr/local/lib/python2.7/dist-packages/twisted/internet/base.py", line 1191, in run
    self.startRunning(installSignalHandlers=installSignalHandlers)
  File "/usr/local/lib/python2.7/dist-packages/twisted/internet/base.py", line 1171, in startRunning
    ReactorBase.startRunning(self)
  File "/usr/local/lib/python2.7/dist-packages/twisted/internet/base.py", line 683, in startRunning
    raise error.ReactorNotRestartable()
ReactorNotRestartable
Traceback (most recent call last):
  File "/usr/local/lib/python2.7/dist-packages/twisted/application/app.py", line 313, in runReactorWithLogging
    reactor.run()
  File "/usr/local/lib/python2.7/dist-packages/twisted/internet/base.py", line 1191, in run
    self.startRunning(installSignalHandlers=installSignalHandlers)
  File "/usr/local/lib/python2.7/dist-packages/twisted/internet/base.py", line 1171, in startRunning
    ReactorBase.startRunning(self)
  File "/usr/local/lib/python2.7/dist-packages/twisted/internet/base.py", line 683, in startRunning
    raise error.ReactorNotRestartable()
ReactorNotRestartable
Traceback (most recent call last):
  File "/usr/local/lib/python2.7/dist-packages/twisted/application/app.py", line 313, in runReactorWithLogging
    reactor.run()
  File "/usr/local/lib/python2.7/dist-packages/twisted/internet/base.py", line 1191, in run
    self.startRunning(installSignalHandlers=installSignalHandlers)
  File "/usr/local/lib/python2.7/dist-packages/twisted/internet/base.py", line 1171, in startRunning
    ReactorBase.startRunning(self)
  File "/usr/local/lib/python2.7/dist-packages/twisted/internet/base.py", line 683, in startRunning
    raise error.ReactorNotRestartable()
ReactorNotRestartable
Traceback (most recent call last):
  File "/usr/local/lib/python2.7/dist-packages/twisted/application/app.py", line 313, in runReactorWithLogging
    reactor.run()
  File "/usr/local/lib/python2.7/dist-packages/twisted/internet/base.py", line 1191, in run
    self.startRunning(installSignalHandlers=installSignalHandlers)
  File "/usr/local/lib/python2.7/dist-packages/twisted/internet/base.py", line 1171, in startRunning
    ReactorBase.startRunning(self)
  File "/usr/local/lib/python2.7/dist-packages/twisted/internet/base.py", line 683, in startRunning
    raise error.ReactorNotRestartable()
ReactorNotRestartable
Traceback (most recent call last):
  File "/usr/local/lib/python2.7/dist-packages/twisted/application/app.py", line 313, in runReactorWithLogging
    reactor.run()
  File "/usr/local/lib/python2.7/dist-packages/twisted/internet/base.py", line 1191, in run
    self.startRunning(installSignalHandlers=installSignalHandlers)
  File "/usr/local/lib/python2.7/dist-packages/twisted/internet/base.py", line 1171, in startRunning
    ReactorBase.startRunning(self)
  File "/usr/local/lib/python2.7/dist-packages/twisted/internet/base.py", line 683, in startRunning
    raise error.ReactorNotRestartable()
ReactorNotRestartable
Traceback (most recent call last):
  File "/usr/local/lib/python2.7/dist-packages/twisted/application/app.py", line 313, in runReactorWithLogging
    reactor.run()
  File "/usr/local/lib/python2.7/dist-packages/twisted/internet/base.py", line 1191, in run
    self.startRunning(installSignalHandlers=installSignalHandlers)
  File "/usr/local/lib/python2.7/dist-packages/twisted/internet/base.py", line 1171, in startRunning
    ReactorBase.startRunning(self)
  File "/usr/local/lib/python2.7/dist-packages/twisted/internet/base.py", line 683, in startRunning
    raise error.ReactorNotRestartable()
ReactorNotRestartable
Traceback (most recent call last):
  File "/usr/local/lib/python2.7/dist-packages/twisted/application/app.py", line 313, in runReactorWithLogging
    reactor.run()
  File "/usr/local/lib/python2.7/dist-packages/twisted/internet/base.py", line 1191, in run
    self.startRunning(installSignalHandlers=installSignalHandlers)
  File "/usr/local/lib/python2.7/dist-packages/twisted/internet/base.py", line 1171, in startRunning
    ReactorBase.startRunning(self)
  File "/usr/local/lib/python2.7/dist-packages/twisted/internet/base.py", line 683, in startRunning
    raise error.ReactorNotRestartable()
ReactorNotRestartable
Traceback (most recent call last):
  File "/usr/local/lib/python2.7/dist-packages/twisted/application/app.py", line 313, in runReactorWithLogging
    reactor.run()
  File "/usr/local/lib/python2.7/dist-packages/twisted/internet/base.py", line 1191, in run
    self.startRunning(installSignalHandlers=installSignalHandlers)
  File "/usr/local/lib/python2.7/dist-packages/twisted/internet/base.py", line 1171, in startRunning
    ReactorBase.startRunning(self)
  File "/usr/local/lib/python2.7/dist-packages/twisted/internet/base.py", line 683, in startRunning
    raise error.ReactorNotRestartable()
ReactorNotRestartable
Traceback (most recent call last):
  File "/usr/local/lib/python2.7/dist-packages/twisted/application/app.py", line 313, in runReactorWithLogging
    reactor.run()
  File "/usr/local/lib/python2.7/dist-packages/twisted/internet/base.py", line 1191, in run
    self.startRunning(installSignalHandlers=installSignalHandlers)
  File "/usr/local/lib/python2.7/dist-packages/twisted/internet/base.py", line 1171, in startRunning
    ReactorBase.startRunning(self)
  File "/usr/local/lib/python2.7/dist-packages/twisted/internet/base.py", line 683, in startRunning
    raise error.ReactorNotRestartable()
ReactorNotRestartable
Traceback (most recent call last):
  File "/usr/lib/python2.7/dist-packages/twisted/application/app.py", line 313, in runReactorWithLogging
    reactor.run()
  File "/usr/lib/python2.7/dist-packages/twisted/internet/base.py", line 1191, in run
    self.startRunning(installSignalHandlers=installSignalHandlers)
  File "/usr/lib/python2.7/dist-packages/twisted/internet/base.py", line 1171, in startRunning
    ReactorBase.startRunning(self)
  File "/usr/lib/python2.7/dist-packages/twisted/internet/base.py", line 683, in startRunning
    raise error.ReactorNotRestartable()
ReactorNotRestartable
Traceback (most recent call last):
  File "/usr/lib/python2.7/dist-packages/twisted/application/app.py", line 313, in runReactorWithLogging
    reactor.run()
  File "/usr/lib/python2.7/dist-packages/twisted/internet/base.py", line 1191, in run
    self.startRunning(installSignalHandlers=installSignalHandlers)
  File "/usr/lib/python2.7/dist-packages/twisted/internet/base.py", line 1171, in startRunning
    ReactorBase.startRunning(self)
  File "/usr/lib/python2.7/dist-packages/twisted/internet/base.py", line 683, in startRunning
    raise error.ReactorNotRestartable()
ReactorNotRestartable
Traceback (most recent call last):
  File "/usr/lib/python2.7/dist-packages/twisted/application/app.py", line 313, in runReactorWithLogging
    reactor.run()
  File "/usr/lib/python2.7/dist-packages/twisted/internet/base.py", line 1191, in run
    self.startRunning(installSignalHandlers=installSignalHandlers)
  File "/usr/lib/python2.7/dist-packages/twisted/internet/base.py", line 1171, in startRunning
    ReactorBase.startRunning(self)
  File "/usr/lib/python2.7/dist-packages/twisted/internet/base.py", line 683, in startRunning
    raise error.ReactorNotRestartable()
ReactorNotRestartable
Traceback (most recent call last):
  File "/usr/lib/python2.7/dist-packages/twisted/application/app.py", line 313, in runReactorWithLogging
    reactor.run()
  File "/usr/lib/python2.7/dist-packages/twisted/internet/base.py", line 1191, in run
    self.startRunning(installSignalHandlers=installSignalHandlers)
  File "/usr/lib/python2.7/dist-packages/twisted/internet/base.py", line 1171, in startRunning
    ReactorBase.startRunning(self)
  File "/usr/lib/python2.7/dist-packages/twisted/internet/base.py", line 683, in startRunning
    raise error.ReactorNotRestartable()
ReactorNotRestartable
Traceback (most recent call last):
  File "/usr/lib/python2.7/dist-packages/twisted/application/app.py", line 313, in runReactorWithLogging
    reactor.run()
  File "/usr/lib/python2.7/dist-packages/twisted/internet/base.py", line 1191, in run
    self.startRunning(installSignalHandlers=installSignalHandlers)
  File "/usr/lib/python2.7/dist-packages/twisted/internet/base.py", line 1171, in startRunning
    ReactorBase.startRunning(self)
  File "/usr/lib/python2.7/dist-packages/twisted/internet/base.py", line 683, in startRunning
    raise error.ReactorNotRestartable()
ReactorNotRestartable
Traceback (most recent call last):
  File "/usr/lib/python2.7/dist-packages/twisted/application/app.py", line 313, in runReactorWithLogging
    reactor.run()
  File "/usr/lib/python2.7/dist-packages/twisted/internet/base.py", line 1191, in run
    self.startRunning(installSignalHandlers=installSignalHandlers)
  File "/usr/lib/python2.7/dist-packages/twisted/internet/base.py", line 1171, in startRunning
    ReactorBase.startRunning(self)
  File "/usr/lib/python2.7/dist-packages/twisted/internet/base.py", line 683, in startRunning
    raise error.ReactorNotRestartable()
ReactorNotRestartable
Traceback (most recent call last):
  File "/usr/lib/python2.7/dist-packages/twisted/application/app.py", line 313, in runReactorWithLogging
    reactor.run()
  File "/usr/lib/python2.7/dist-packages/twisted/internet/base.py", line 1191, in run
    self.startRunning(installSignalHandlers=installSignalHandlers)
  File "/usr/lib/python2.7/dist-packages/twisted/internet/base.py", line 1171, in startRunning
    ReactorBase.startRunning(self)
  File "/usr/lib/python2.7/dist-packages/twisted/internet/base.py", line 683, in startRunning
    raise error.ReactorNotRestartable()
ReactorNotRestartable
Traceback (most recent call last):
  File "/usr/lib/python2.7/dist-packages/twisted/application/app.py", line 313, in runReactorWithLogging
    reactor.run()
  File "/usr/lib/python2.7/dist-packages/twisted/internet/base.py", line 1191, in run
    self.startRunning(installSignalHandlers=installSignalHandlers)
  File "/usr/lib/python2.7/dist-packages/twisted/internet/base.py", line 1171, in startRunning
    ReactorBase.startRunning(self)
  File "/usr/lib/python2.7/dist-packages/twisted/internet/base.py", line 683, in startRunning
    raise error.ReactorNotRestartable()
ReactorNotRestartable
Traceback (most recent call last):
  File "/usr/lib/python2.7/dist-packages/twisted/application/app.py", line 313, in runReactorWithLogging
    reactor.run()
  File "/usr/lib/python2.7/dist-packages/twisted/internet/base.py", line 1191, in run
    self.startRunning(installSignalHandlers=installSignalHandlers)
  File "/usr/lib/python2.7/dist-packages/twisted/internet/base.py", line 1171, in startRunning
    ReactorBase.startRunning(self)
  File "/usr/lib/python2.7/dist-packages/twisted/internet/base.py", line 683, in startRunning
    raise error.ReactorNotRestartable()
ReactorNotRestartable
Traceback (most recent call last):
  File "/usr/lib/python2.7/dist-packages/twisted/application/app.py", line 313, in runReactorWithLogging
    reactor.run()
  File "/usr/lib/python2.7/dist-packages/twisted/internet/base.py", line 1191, in run
    self.startRunning(installSignalHandlers=installSignalHandlers)
  File "/usr/lib/python2.7/dist-packages/twisted/internet/base.py", line 1171, in startRunning
    ReactorBase.startRunning(self)
  File "/usr/lib/python2.7/dist-packages/twisted/internet/base.py", line 683, in startRunning
    raise error.ReactorNotRestartable()
ReactorNotRestartable
Traceback (most recent call last):
  File "/usr/local/lib/python2.7/dist-packages/twisted/application/app.py", line 313, in runReactorWithLogging
    reactor.run()
  File "/usr/local/lib/python2.7/dist-packages/twisted/internet/base.py", line 1191, in run
    self.startRunning(installSignalHandlers=installSignalHandlers)
  File "/usr/local/lib/python2.7/dist-packages/twisted/internet/base.py", line 1171, in startRunning
    ReactorBase.startRunning(self)
  File "/usr/local/lib/python2.7/dist-packages/twisted/internet/base.py", line 683, in startRunning
    raise error.ReactorNotRestartable()
ReactorNotRestartable
Traceback (most recent call last):
  File "/usr/local/lib/python2.7/dist-packages/twisted/application/app.py", line 313, in runReactorWithLogging
    reactor.run()
  File "/usr/local/lib/python2.7/dist-packages/twisted/internet/base.py", line 1191, in run
    self.startRunning(installSignalHandlers=installSignalHandlers)
  File "/usr/local/lib/python2.7/dist-packages/twisted/internet/base.py", line 1171, in startRunning
    ReactorBase.startRunning(self)
  File "/usr/local/lib/python2.7/dist-packages/twisted/internet/base.py", line 683, in startRunning
    raise error.ReactorNotRestartable()
ReactorNotRestartable
Traceback (most recent call last):
  File "/usr/local/lib/python2.7/site-packages/twisted/application/app.py", line 285, in runReactorWithLogging
    reactor.run()
  File "/usr/local/lib/python2.7/site-packages/twisted/internet/base.py", line 1193, in run
    self.startRunning(installSignalHandlers=installSignalHandlers)
  File "/usr/local/lib/python2.7/site-packages/twisted/internet/base.py", line 1173, in startRunning
    ReactorBase.startRunning(self)
  File "/usr/local/lib/python2.7/site-packages/twisted/internet/base.py", line 684, in startRunning
    raise error.ReactorNotRestartable()
ReactorNotRestartable
Traceback (most recent call last):
  File "/Users/aleksandr/Documents/workspace/canvas_game/canvas_app/lib/python2.7/site-packages/twisted/application/app.py", line 285, in runReactorWithLogging
    reactor.run()
  File "/Users/aleksandr/Documents/workspace/canvas_game/canvas_app/lib/python2.7/site-packages/twisted/internet/base.py", line 1193, in run
    self.startRunning(installSignalHandlers=installSignalHandlers)
  File "/Users/aleksandr/Documents/workspace/canvas_game/canvas_app/lib/python2.7/site-packages/twisted/internet/base.py", line 1173, in startRunning
    ReactorBase.startRunning(self)
  File "/Users/aleksandr/Documents/workspace/canvas_game/canvas_app/lib/python2.7/site-packages/twisted/internet/base.py", line 684, in startRunning
    raise error.ReactorNotRestartable()
ReactorNotRestartable
Traceback (most recent call last):
  File "/Users/aleksandr/Documents/workspace/canvas_game/canvas_app/lib/python2.7/site-packages/twisted/application/app.py", line 285, in runReactorWithLogging
    reactor.run()
  File "/Users/aleksandr/Documents/workspace/canvas_game/canvas_app/lib/python2.7/site-packages/twisted/internet/base.py", line 1193, in run
    self.startRunning(installSignalHandlers=installSignalHandlers)
  File "/Users/aleksandr/Documents/workspace/canvas_game/canvas_app/lib/python2.7/site-packages/twisted/internet/base.py", line 1173, in startRunning
    ReactorBase.startRunning(self)
  File "/Users/aleksandr/Documents/workspace/canvas_game/canvas_app/lib/python2.7/site-packages/twisted/internet/base.py", line 684, in startRunning
    raise error.ReactorNotRestartable()
ReactorNotRestartable
Traceback (most recent call last):
  File "/Users/aleksandr/Documents/workspace/canvas_game/canvas_app/lib/python2.7/site-packages/twisted/application/app.py", line 285, in runReactorWithLogging
    reactor.run()
  File "/Users/aleksandr/Documents/workspace/canvas_game/canvas_app/lib/python2.7/site-packages/twisted/internet/base.py", line 1193, in run
    self.startRunning(installSignalHandlers=installSignalHandlers)
  File "/Users/aleksandr/Documents/workspace/canvas_game/canvas_app/lib/python2.7/site-packages/twisted/internet/base.py", line 1173, in startRunning
    ReactorBase.startRunning(self)
  File "/Users/aleksandr/Documents/workspace/canvas_game/canvas_app/lib/python2.7/site-packages/twisted/internet/base.py", line 684, in startRunning
    raise error.ReactorNotRestartable()
ReactorNotRestartable
Traceback (most recent call last):
  File "/Users/aleksandr/Documents/workspace/canvas_game/canvas_app/lib/python2.7/site-packages/twisted/application/app.py", line 285, in runReactorWithLogging
    reactor.run()
  File "/Users/aleksandr/Documents/workspace/canvas_game/canvas_app/lib/python2.7/site-packages/twisted/internet/base.py", line 1193, in run
    self.startRunning(installSignalHandlers=installSignalHandlers)
  File "/Users/aleksandr/Documents/workspace/canvas_game/canvas_app/lib/python2.7/site-packages/twisted/internet/base.py", line 1173, in startRunning
    ReactorBase.startRunning(self)
  File "/Users/aleksandr/Documents/workspace/canvas_game/canvas_app/lib/python2.7/site-packages/twisted/internet/base.py", line 684, in startRunning
    raise error.ReactorNotRestartable()
ReactorNotRestartable
Traceback (most recent call last):
  File "/Users/aleksandr/Documents/workspace/canvas_game/canvas_app/lib/python2.7/site-packages/twisted/application/app.py", line 285, in runReactorWithLogging
    reactor.run()
  File "/Users/aleksandr/Documents/workspace/canvas_game/canvas_app/lib/python2.7/site-packages/twisted/internet/base.py", line 1193, in run
    self.startRunning(installSignalHandlers=installSignalHandlers)
  File "/Users/aleksandr/Documents/workspace/canvas_game/canvas_app/lib/python2.7/site-packages/twisted/internet/base.py", line 1173, in startRunning
    ReactorBase.startRunning(self)
  File "/Users/aleksandr/Documents/workspace/canvas_game/canvas_app/lib/python2.7/site-packages/twisted/internet/base.py", line 684, in startRunning
    raise error.ReactorNotRestartable()
ReactorNotRestartable
Traceback (most recent call last):
  File "/Users/aleksandr/Documents/workspace/canvas_game/canvas_app/lib/python2.7/site-packages/twisted/application/app.py", line 285, in runReactorWithLogging
    reactor.run()
  File "/Users/aleksandr/Documents/workspace/canvas_game/canvas_app/lib/python2.7/site-packages/twisted/internet/base.py", line 1193, in run
    self.startRunning(installSignalHandlers=installSignalHandlers)
  File "/Users/aleksandr/Documents/workspace/canvas_game/canvas_app/lib/python2.7/site-packages/twisted/internet/base.py", line 1173, in startRunning
    ReactorBase.startRunning(self)
  File "/Users/aleksandr/Documents/workspace/canvas_game/canvas_app/lib/python2.7/site-packages/twisted/internet/base.py", line 684, in startRunning
    raise error.ReactorNotRestartable()
ReactorNotRestartable
Traceback (most recent call last):
  File "/Users/aleksandr/Documents/workspace/canvas_game/canvas_app/lib/python2.7/site-packages/twisted/application/app.py", line 285, in runReactorWithLogging
    reactor.run()
  File "/Users/aleksandr/Documents/workspace/canvas_game/canvas_app/lib/python2.7/site-packages/twisted/internet/base.py", line 1193, in run
    self.startRunning(installSignalHandlers=installSignalHandlers)
  File "/Users/aleksandr/Documents/workspace/canvas_game/canvas_app/lib/python2.7/site-packages/twisted/internet/base.py", line 1173, in startRunning
    ReactorBase.startRunning(self)
  File "/Users/aleksandr/Documents/workspace/canvas_game/canvas_app/lib/python2.7/site-packages/twisted/internet/base.py", line 684, in startRunning
    raise error.ReactorNotRestartable()
ReactorNotRestartable
Traceback (most recent call last):
  File "/Users/aleksandr/Documents/workspace/canvas_game/canvas_app/lib/python2.7/site-packages/twisted/application/app.py", line 285, in runReactorWithLogging
    reactor.run()
  File "/Users/aleksandr/Documents/workspace/canvas_game/canvas_app/lib/python2.7/site-packages/twisted/internet/base.py", line 1193, in run
    self.startRunning(installSignalHandlers=installSignalHandlers)
  File "/Users/aleksandr/Documents/workspace/canvas_game/canvas_app/lib/python2.7/site-packages/twisted/internet/base.py", line 1173, in startRunning
    ReactorBase.startRunning(self)
  File "/Users/aleksandr/Documents/workspace/canvas_game/canvas_app/lib/python2.7/site-packages/twisted/internet/base.py", line 684, in startRunning
    raise error.ReactorNotRestartable()
ReactorNotRestartable
Traceback (most recent call last):
  File "/Users/aleksandr/Documents/workspace/canvas_game/canvas_app/lib/python2.7/site-packages/twisted/application/app.py", line 285, in runReactorWithLogging
    reactor.run()
  File "/Users/aleksandr/Documents/workspace/canvas_game/canvas_app/lib/python2.7/site-packages/twisted/internet/base.py", line 1193, in run
    self.startRunning(installSignalHandlers=installSignalHandlers)
  File "/Users/aleksandr/Documents/workspace/canvas_game/canvas_app/lib/python2.7/site-packages/twisted/internet/base.py", line 1173, in startRunning
    ReactorBase.startRunning(self)
  File "/Users/aleksandr/Documents/workspace/canvas_game/canvas_app/lib/python2.7/site-packages/twisted/internet/base.py", line 684, in startRunning
    raise error.ReactorNotRestartable()
ReactorNotRestartable
Traceback (most recent call last):
  File "/Users/aleksandr/Documents/workspace/canvas_game/canvas_app/lib/python2.7/site-packages/twisted/application/app.py", line 285, in runReactorWithLogging
    reactor.run()
  File "/Users/aleksandr/Documents/workspace/canvas_game/canvas_app/lib/python2.7/site-packages/twisted/internet/base.py", line 1193, in run
    self.startRunning(installSignalHandlers=installSignalHandlers)
  File "/Users/aleksandr/Documents/workspace/canvas_game/canvas_app/lib/python2.7/site-packages/twisted/internet/base.py", line 1173, in startRunning
    ReactorBase.startRunning(self)
  File "/Users/aleksandr/Documents/workspace/canvas_game/canvas_app/lib/python2.7/site-packages/twisted/internet/base.py", line 684, in startRunning
    raise error.ReactorNotRestartable()
ReactorNotRestartable
Traceback (most recent call last):
  File "/Users/aleksandr/Documents/workspace/canvas_game/canvas_app/lib/python2.7/site-packages/twisted/application/app.py", line 285, in runReactorWithLogging
    reactor.run()
  File "/Users/aleksandr/Documents/workspace/canvas_game/canvas_app/lib/python2.7/site-packages/twisted/internet/base.py", line 1193, in run
    self.startRunning(installSignalHandlers=installSignalHandlers)
  File "/Users/aleksandr/Documents/workspace/canvas_game/canvas_app/lib/python2.7/site-packages/twisted/internet/base.py", line 1173, in startRunning
    ReactorBase.startRunning(self)
  File "/Users/aleksandr/Documents/workspace/canvas_game/canvas_app/lib/python2.7/site-packages/twisted/internet/base.py", line 684, in startRunning
    raise error.ReactorNotRestartable()
ReactorNotRestartable
Traceback (most recent call last):
  File "/Users/aleksandr/Documents/workspace/canvas_game/canvas_app/lib/python2.7/site-packages/twisted/application/app.py", line 285, in runReactorWithLogging
    reactor.run()
  File "/Users/aleksandr/Documents/workspace/canvas_game/canvas_app/lib/python2.7/site-packages/twisted/internet/base.py", line 1193, in run
    self.startRunning(installSignalHandlers=installSignalHandlers)
  File "/Users/aleksandr/Documents/workspace/canvas_game/canvas_app/lib/python2.7/site-packages/twisted/internet/base.py", line 1173, in startRunning
    ReactorBase.startRunning(self)
  File "/Users/aleksandr/Documents/workspace/canvas_game/canvas_app/lib/python2.7/site-packages/twisted/internet/base.py", line 684, in startRunning
    raise error.ReactorNotRestartable()
ReactorNotRestartable
